<?xml version="1.0" encoding="UTF-8"?>
<!-- Generated by org.testng.reporters.JUnitReportReporter -->
<testsuite hostname="DESKTOP-UNJLRHT" failures="0" tests="1" name="searchFunctionTest.searchFunctionality" time="14.098" errors="0" timestamp="2025-06-06T22:01:36 IST" skipped="0">
  <testcase classname="searchFunctionTest.searchFunctionality" name="testSearchFunction" time="14.098"/>
</testsuite> <!-- searchFunctionTest.searchFunctionality -->
