<?xml version="1.0" encoding="UTF-8"?>
<!-- Generated by org.testng.reporters.JUnitReportReporter -->
<testsuite hostname="DESKTOP-UNJLRHT" failures="0" tests="1" name="GoogleSearchTest.SearchBar" time="2.665" errors="0" timestamp="2025-06-03T15:10:36 IST" skipped="0">
  <testcase classname="GoogleSearchTest.SearchBar" name="SearchBox" time="2.665"/>
</testsuite> <!-- GoogleSearchTest.SearchBar -->
